2026-03-24 17:59:35,728 - INFO - ============================================================
2026-03-24 17:59:35,728 - INFO - FIRE DETECTION SYSTEM - PYTHON BRIDGE
2026-03-24 17:59:35,728 - INFO - ============================================================
2026-03-24 17:59:35,728 - INFO - COM Port    : /dev/ttyUSB0
2026-03-24 17:59:35,729 - INFO - Baud Rate   : 9600
2026-03-24 17:59:35,729 - INFO - API URL     : http://localhost:8000/api/update-room
2026-03-24 17:59:35,729 - INFO - ============================================================
2026-03-24 17:59:35,729 - INFO - Attempting to connect to /dev/ttyUSB0...
2026-03-24 17:59:37,863 - INFO - ✓ Successfully connected to Arduino on /dev/ttyUSB0
2026-03-24 17:59:37,863 - INFO - Listening for Arduino data...
2026-03-24 17:59:37,863 - INFO - Press Ctrl+C to stop

2026-03-24 17:59:37,864 - INFO - ------------------------------------------------------------
2026-03-24 17:59:37,864 - INFO - [1] Received: Fire Detection System Ready...
2026-03-24 17:59:37,865 - WARNING - Parse failed - expected format: temp,gas,flame,alarm
2026-03-24 17:59:37,865 - WARNING - Example: 25.3,450,DETECTED,ALARM
2026-03-24 17:59:37,866 - INFO - [2] Received: NOTE: Allow 30-60 seconds for MQ-2 to warm up.
2026-03-24 17:59:37,866 - WARNING - Parse failed - expected format: temp,gas,flame,alarm
2026-03-24 17:59:37,866 - WARNING - Example: 25.3,450,DETECTED,ALARM
2026-03-24 17:59:37,866 - INFO - [3] Received: 27.4,264,SAFE,SAFE
2026-03-24 17:59:37,866 - INFO -   → Parsed: Temp=27.4C, Gas=264, Flame=SAFE, SAFE
2026-03-24 17:59:37,866 - ERROR - 
FATAL ERROR: cannot access local variable 'failed_updates' where it is not associated with a value
2026-03-24 17:59:37,870 - INFO - Sending SAFE status for all rooms...
2026-03-24 17:59:38,048 - INFO - ✓ Sent safe status for ROOM1
2026-03-24 17:59:38,203 - INFO - ✓ Sent safe status for ROOM2
2026-03-24 17:59:38,361 - INFO - ✓ Sent safe status for ROOM3
